/Users/Admin/Desktop/666/.venv/lib/python3.9/site-packages/urllib3/__init__.py:35: NotOpenSSLWarning: urllib3 v2 only supports OpenSSL 1.1.1+, currently the 'ssl' module is compiled with 'LibreSSL 2.8.3'. See: https://github.com/urllib3/urllib3/issues/3020
  warnings.warn(
$SQ: possibly delisted; no timezone found

2 Failed downloads:
['TWI']: TypeError("'NoneType' object is not subscriptable")
['SQ']: possibly delisted; no timezone found
候选池 760 只 · 流动性 ≥ $30M/日 · 目标 年化≥80%、回撤<10%、胜率≥85%
有效行情 758 只
通过流动性 459 只 · 开始参数网格 …
  [1/459] SPCX …
  [11/459] AAPL …
  [21/459] PLTR …
  [31/459] IBM …
  [41/459] CSCO …
  [51/459] MSTR …
  [61/459] GLW …
  [71/459] MA …
  [81/459] APH …
  [91/459] MRK …
  [101/459] NXPI …
  [111/459] BSX …
  [121/459] NEE …
  [131/459] DIS …
  [141/459] NU …
  [151/459] BMY …
  [161/459] WBD …
  [171/459] LUNR …
  [181/459] VRSK …
  [191/459] AMKR …
  [201/459] SMR …
  [211/459] KDP …
  [221/459] SWKS …
  [231/459] JOBY …
  [241/459] KEEL …
  [251/459] LSCC …
  [261/459] INFY …
  [271/459] CAG …
  [281/459] KMX …
  [291/459] ACMR …
  [301/459] UEC …
  [311/459] AMBA …
  [321/459] ALGM …
  [331/459] SYNA …
  [341/459] BTG …
  [351/459] BBD …
  [361/459] WRBY …
  [371/459] SEZL …
  [381/459] ESAB …
  [391/459] EWTX …
  [401/459] LGND …
  [411/459] ORCL-PD …
  [421/459] ARXS …
  [431/459] UAA …
  [441/459] FLYW …
  [451/459] TDOC …

================================================================
全市场三标扫描 · 年化≥80%、回撤<10%、胜率≥85%
================================================================
  Tier A: 2 条
  Tier B: 698 条
  Tier C: 7554 条

✅ Tier A 达标组合（去重后 2 条）：
  NBIS   CSP      δ=0.25 MA50 alloc=75% 年化=82.6% 回撤=-9.2% 胜率=95.7% 成交额=$4447M
  SNDK   CSP      δ=0.25 MA50 alloc=75% 年化=88.6% 回撤=0.0% 胜率=100.0% 成交额=$19185M

达标标的（2 只）：NBIS, SNDK

⚠ Tier B（差一项，Top 8）：
  NBIS   CSP 年化=87.5% 回撤=-12.6% 胜率=93.2%
  KEEL   CSP 年化=83.7% 回撤=-15.6% 胜率=87.9%
  QUBT   CSP 年化=94.6% 回撤=-26.6% 胜率=87.2%
  QUBT   CSP 年化=99.5% 回撤=-35.2% 胜率=87.2%
  AMPX   CSP 年化=93.8% 回撤=-20.6% 胜率=91.5%
  SEZL   CSP 年化=88.8% 回撤=-48.3% 胜率=89.9%
  SNDK   CSP 年化=74.6% 回撤=-7.8% 胜率=96.6%
  KEEL   CSP 年化=70.4% 回撤=-8.0% 胜率=94.3%

→ /Users/Admin/Desktop/666/research/market_triple_scan_results.csv

舰队推荐 2 账户 → /Users/Admin/Desktop/666/research/market_triple_fleet.json
  账户1: NBIS 年化=82.6% 回撤=-9.2% 胜率=95.7%
  账户2: SNDK 年化=88.6% 回撤=0.0% 胜率=100.0%
