/Users/Admin/Desktop/666/.venv/lib/python3.9/site-packages/urllib3/__init__.py:35: NotOpenSSLWarning: urllib3 v2 only supports OpenSSL 1.1.1+, currently the 'ssl' module is compiled with 'LibreSSL 2.8.3'. See: https://github.com/urllib3/urllib3/issues/3020
  warnings.warn(
$SQ: possibly delisted; no timezone found

8 Failed downloads:
['OPEN', 'MPWR', 'UMC', 'GOOGL', 'SPCX', 'OPAD', 'BLDR']: TypeError("'NoneType' object is not subscriptable")
['SQ']: possibly delisted; no timezone found
еАЩйАЙж±† 760 еП™ ¬Ј жµБеК®жАІ вЙ• $20M/жЧ• ¬Ј зЫЃж†З еєіеМЦвЙ•50%гАБеЫЮжТ§<20%гАБиГЬзОЗвЙ•85%
жЬЙжХИи°МжГЕ 752 еП™
йАЪињЗжµБеК®жАІ 502 еП™ ¬Ј еЉАеІЛеПВжХ∞зљСж†Љ вА¶
  [1/502] MU вА¶
  [11/502] INTC вА¶
  [21/502] ORCL вА¶
  [31/502] LLY вА¶
  [41/502] JPM вА¶
  [51/502] XOM вА¶
  [61/502] CRDO вА¶
  [71/502] JNJ вА¶
  [81/502] RGTI вА¶
  [91/502] SOFI вА¶
  [101/502] QBTS вА¶
  [111/502] ACN вА¶
  [121/502] TMUS вА¶
  [131/502] COP вА¶
  [141/502] CMCSA вА¶
  [151/502] PYPL вА¶
  [161/502] CIFR вА¶
  [171/502] KR вА¶
  [181/502] USB вА¶
  [191/502] CPNG вА¶
  [201/502] DLTR вА¶
  [211/502] FOXA вА¶
  [221/502] SUNB вА¶
  [231/502] AFRM вА¶
  [241/502] KMI вА¶
  [251/502] GWRE вА¶
  [261/502] NIO вА¶
  [271/502] PR вА¶
  [281/502] ALGN вА¶
  [291/502] DUOL вА¶
  [301/502] TWST вА¶
  [311/502] CNM вА¶
  [321/502] BOOT вА¶
  [331/502] PLNT вА¶
  [341/502] COHU вА¶
  [351/502] ABEV вА¶
  [361/502] RSI вА¶
  [371/502] BF-B вА¶
  [381/502] CBRL вА¶
  [391/502] BEAM вА¶
  [401/502] BLSH вА¶
  [411/502] CRSR вА¶
  [421/502] PDFS вА¶
  [431/502] TPB вА¶
  [441/502] LIF вА¶
  [451/502] HLIO вА¶
  [461/502] PLAY вА¶
  [471/502] LINC вА¶
  [481/502] METC вА¶
  [491/502] LTC вА¶
  [501/502] PAY вА¶

================================================================
еЕ®еЄВеЬЇдЄЙж†ЗжЙЂжПП ¬Ј еєіеМЦвЙ•50%гАБеЫЮжТ§<20%гАБиГЬзОЗвЙ•85%
================================================================
  Tier A: 20 жЭ°
  Tier B: 1639 жЭ°
  Tier C: 7403 жЭ°

вЬЕ Tier A иЊЊж†ЗзїДеРИпЉИеОїйЗНеРО 20 жЭ°пЉЙпЉЪ
  AMPX   CSP      ќі=0.2 MA50 alloc=75% еєіеМЦ=75.8% еЫЮжТ§=-19.1% иГЬзОЗ=92.7% жИРдЇ§йҐЭ=$161M
  QUBT   CSP      ќі=0.15 MA50 alloc=50% еєіеМЦ=57.9% еЫЮжТ§=-18.2% иГЬзОЗ=87.2% жИРдЇ§йҐЭ=$280M
  AMPX   CSP      ќі=0.15 MA50 alloc=75% еєіеМЦ=56.4% еЫЮжТ§=-17.0% иГЬзОЗ=95.1% жИРдЇ§йҐЭ=$161M
  KEEL   CSP      ќі=0.2 MA50 alloc=75% еєіеМЦ=83.7% еЫЮжТ§=-15.6% иГЬзОЗ=87.9% жИРдЇ§йҐЭ=$322M
  AMPX   CSP      ќі=0.25 MA50 alloc=50% еєіеМЦ=56.9% еЫЮжТ§=-13.7% иГЬзОЗ=91.5% жИРдЇ§йҐЭ=$161M
  NBIS   CSP      ќі=0.25 жЧ†MA alloc=75% еєіеМЦ=87.5% еЫЮжТ§=-12.6% иГЬзОЗ=93.2% жИРдЇ§йҐЭ=$4447M
  KEEL   CSP      ќі=0.2 MA50 alloc=50% еєіеМЦ=51.2% еЫЮжТ§=-10.5% иГЬзОЗ=87.9% жИРдЇ§йҐЭ=$322M
  NBIS   CSP      ќі=0.25 MA50 alloc=75% еєіеМЦ=82.6% еЫЮжТ§=-9.2% иГЬзОЗ=95.7% жИРдЇ§йҐЭ=$4447M
  NBIS   CSP      ќі=0.25 жЧ†MA alloc=50% еєіеМЦ=53.0% еЫЮжТ§=-8.5% иГЬзОЗ=93.2% жИРдЇ§йҐЭ=$4447M
  KEEL   CSP      ќі=0.15 MA50 alloc=75% еєіеМЦ=70.4% еЫЮжТ§=-8.0% иГЬзОЗ=94.3% жИРдЇ§йҐЭ=$322M
  SNDK   CSP      ќі=0.25 жЧ†MA alloc=75% еєіеМЦ=74.6% еЫЮжТ§=-7.8% иГЬзОЗ=96.6% жИРдЇ§йҐЭ=$19185M
  NBIS   CSP      ќі=0.2 жЧ†MA alloc=75% еєіеМЦ=71.0% еЫЮжТ§=-7.1% иГЬзОЗ=97.3% жИРдЇ§йҐЭ=$4447M
  NBIS   CSP      ќі=0.2 MA50 alloc=75% еєіеМЦ=67.4% еЫЮжТ§=-7.1% иГЬзОЗ=97.8% жИРдЇ§йҐЭ=$4447M
  NBIS   CSP      ќі=0.25 MA50 alloc=50% еєіеМЦ=50.2% еЫЮжТ§=-6.1% иГЬзОЗ=95.7% жИРдЇ§йҐЭ=$4447M
  SNDK   CSP      ќі=0.2 жЧ†MA alloc=75% еєіеМЦ=56.5% еЫЮжТ§=-5.4% иГЬзОЗ=96.6% жИРдЇ§йҐЭ=$19185M
  NBIS   CSP      ќі=0.15 жЧ†MA alloc=75% еєіеМЦ=55.7% еЫЮжТ§=-4.3% иГЬзОЗ=98.6% жИРдЇ§йҐЭ=$4447M
  NBIS   CSP      ќі=0.15 MA50 alloc=75% еєіеМЦ=52.3% еЫЮжТ§=-4.3% иГЬзОЗ=97.8% жИРдЇ§йҐЭ=$4447M
  SNDK   CSP      ќі=0.2 MA50 alloc=75% еєіеМЦ=66.8% еЫЮжТ§=0.0% иГЬзОЗ=100.0% жИРдЇ§йҐЭ=$19185M
  SNDK   CSP      ќі=0.25 MA50 alloc=50% еєіеМЦ=53.4% еЫЮжТ§=0.0% иГЬзОЗ=100.0% жИРдЇ§йҐЭ=$19185M
  SNDK   CSP      ќі=0.25 MA50 alloc=75% еєіеМЦ=88.6% еЫЮжТ§=0.0% иГЬзОЗ=100.0% жИРдЇ§йҐЭ=$19185M

иЊЊж†Зж†ЗзЪДпЉИ5 еП™пЉЙпЉЪAMPX, KEEL, NBIS, QUBT, SNDK

вЪ† Tier BпЉИеЈЃдЄАй°єпЉМTop 8пЉЙпЉЪ
  IREN   CSP еєіеМЦ=52.7% еЫЮжТ§=-31.3% иГЬзОЗ=86.5%
  RGTI   CSP еєіеМЦ=61.1% еЫЮжТ§=-75.8% иГЬзОЗ=89.5%
  RGTI   CSP еєіеМЦ=67.6% еЫЮжТ§=-82.2% иГЬзОЗ=89.5%
  RGTI   CSP еєіеМЦ=68.3% еЫЮжТ§=-85.6% иГЬзОЗ=85.3%
  QBTS   CSP еєіеМЦ=57.9% еЫЮжТ§=-41.7% иГЬзОЗ=88.5%
  WULF   CSP еєіеМЦ=50.1% еЫЮжТ§=-74.5% иГЬзОЗ=89.8%
  WULF   CSP еєіеМЦ=61.4% еЫЮжТ§=-77.6% иГЬзОЗ=88.0%
  MARA   CSP еєіеМЦ=56.9% еЫЮжТ§=-63.7% иГЬзОЗ=86.4%

вЖТ /Users/Admin/Desktop/666/research/market_triple_scan_results.csv

иИ∞йШЯжО®иНР 8 иі¶жИЈ вЖТ /Users/Admin/Desktop/666/research/market_triple_fleet.json
  иі¶жИЈ1: AMPX еєіеМЦ=75.8% еЫЮжТ§=-19.1% иГЬзОЗ=92.7%
  иі¶жИЈ2: QUBT еєіеМЦ=57.9% еЫЮжТ§=-18.2% иГЬзОЗ=87.2%
  иі¶жИЈ3: AMPX еєіеМЦ=56.4% еЫЮжТ§=-17.0% иГЬзОЗ=95.1%
  иі¶жИЈ4: KEEL еєіеМЦ=83.7% еЫЮжТ§=-15.6% иГЬзОЗ=87.9%
  иі¶жИЈ5: AMPX еєіеМЦ=56.9% еЫЮжТ§=-13.7% иГЬзОЗ=91.5%
  иі¶жИЈ6: NBIS еєіеМЦ=87.5% еЫЮжТ§=-12.6% иГЬзОЗ=93.2%
  иі¶жИЈ7: KEEL еєіеМЦ=51.2% еЫЮжТ§=-10.5% иГЬзОЗ=87.9%
  иі¶жИЈ8: NBIS еєіеМЦ=82.6% еЫЮжТ§=-9.2% иГЬзОЗ=95.7%
