/Users/Admin/Desktop/666/.venv/lib/python3.9/site-packages/urllib3/__init__.py:35: NotOpenSSLWarning: urllib3 v2 only supports OpenSSL 1.1.1+, currently the 'ssl' module is compiled with 'LibreSSL 2.8.3'. See: https://github.com/urllib3/urllib3/issues/3020
  warnings.warn(
真实期权回测 · 95 标的 · 2024-01-01~2025-06-01 · 每5日采样 · 8线程
数据：DoltHub 真实EOD期权 + 到期真实股价结算（零模型）

批量拉取 95 只标的股价 …
$SQ: possibly delisted; no timezone found

1 Failed download:
['SQ']: possibly delisted; no timezone found
预取 6618 组 (标的×采样日) 真实期权链 …
  期权链进度 100/6618
  期权链进度 200/6618
  期权链进度 300/6618
  期权链进度 400/6618
  期权链进度 500/6618
  期权链进度 600/6618
  期权链进度 700/6618
  期权链进度 800/6618
  期权链进度 900/6618
  期权链进度 1000/6618
  期权链进度 1100/6618
  期权链进度 1200/6618
  期权链进度 1300/6618
  期权链进度 1400/6618
  期权链进度 1500/6618
  期权链进度 1600/6618
  期权链进度 1700/6618
  期权链进度 1800/6618
  期权链进度 1900/6618
  期权链进度 2000/6618
  期权链进度 2100/6618
  期权链进度 2200/6618
  期权链进度 2300/6618
  期权链进度 2400/6618
  期权链进度 2500/6618
  期权链进度 2600/6618
  期权链进度 2700/6618
  期权链进度 2800/6618
  期权链进度 2900/6618
  期权链进度 3000/6618
  期权链进度 3100/6618
  期权链进度 3200/6618
  期权链进度 3300/6618
  期权链进度 3400/6618
  期权链进度 3500/6618
  期权链进度 3600/6618
  期权链进度 3700/6618
  期权链进度 3800/6618
  期权链进度 3900/6618
  期权链进度 4000/6618
  期权链进度 4100/6618
  期权链进度 4200/6618
  期权链进度 4300/6618
  期权链进度 4400/6618
  期权链进度 4500/6618
  期权链进度 4600/6618
  期权链进度 4700/6618
  期权链进度 4800/6618
  期权链进度 4900/6618
